[2021-12-07 11:48:44,298][__main__][INFO] - Using cuda, GPU is NO.0 device
[2021-12-07 11:48:44,298][__main__][INFO] - Load dataset ...
[2021-12-07 11:48:44,410][__main__][INFO] - Load MODEL ...
[2021-12-07 11:48:47,217][__main__][INFO] - No existing model, starting training from scratch...
[2021-12-07 11:48:47,219][__main__][INFO] - Start training...
[2021-12-07 11:48:47,222][__main__][INFO] - Epoch 1 (1/200):
[2021-12-07 11:54:33,523][__main__][INFO] - Train Instance Accuracy: 0.507745
[2021-12-07 11:54:33,525][__main__][INFO] - Load dataset ...
[2021-12-07 11:55:56,076][__main__][INFO] - Test Instance Accuracy: 0.599194, Class Accuracy: 0.520995
[2021-12-07 11:55:56,077][__main__][INFO] - Best Instance Accuracy: 0.599194, Class Accuracy: 0.520995
[2021-12-07 11:55:56,078][__main__][INFO] - Save model...
[2021-12-07 11:55:56,078][__main__][INFO] - Saving at best_model.pth
[2021-12-07 11:55:56,240][__main__][INFO] - Epoch 2 (2/200):
[2021-12-07 12:01:40,254][__main__][INFO] - Train Instance Accuracy: 0.613535
[2021-12-07 12:01:40,255][__main__][INFO] - Load dataset ...
[2021-12-07 12:03:01,637][__main__][INFO] - Test Instance Accuracy: 0.737097, Class Accuracy: 0.654117
[2021-12-07 12:03:01,638][__main__][INFO] - Best Instance Accuracy: 0.737097, Class Accuracy: 0.654117
[2021-12-07 12:03:01,638][__main__][INFO] - Save model...
[2021-12-07 12:03:01,639][__main__][INFO] - Saving at best_model.pth
[2021-12-07 12:03:01,976][__main__][INFO] - Epoch 3 (3/200):
[2021-12-07 12:08:47,541][__main__][INFO] - Train Instance Accuracy: 0.667061
[2021-12-07 12:08:47,542][__main__][INFO] - Load dataset ...
[2021-12-07 12:10:11,979][__main__][INFO] - Test Instance Accuracy: 0.804032, Class Accuracy: 0.721129
[2021-12-07 12:10:11,979][__main__][INFO] - Best Instance Accuracy: 0.804032, Class Accuracy: 0.721129
[2021-12-07 12:10:11,980][__main__][INFO] - Save model...
[2021-12-07 12:10:11,980][__main__][INFO] - Saving at best_model.pth
[2021-12-07 12:10:12,291][__main__][INFO] - Epoch 4 (4/200):
[2021-12-07 12:15:56,272][__main__][INFO] - Train Instance Accuracy: 0.701256
[2021-12-07 12:15:56,273][__main__][INFO] - Load dataset ...
[2021-12-07 12:17:20,113][__main__][INFO] - Test Instance Accuracy: 0.824597, Class Accuracy: 0.778158
[2021-12-07 12:17:20,113][__main__][INFO] - Best Instance Accuracy: 0.824597, Class Accuracy: 0.778158
[2021-12-07 12:17:20,114][__main__][INFO] - Save model...
[2021-12-07 12:17:20,115][__main__][INFO] - Saving at best_model.pth
[2021-12-07 12:17:20,415][__main__][INFO] - Epoch 5 (5/200):
[2021-12-07 12:23:05,545][__main__][INFO] - Train Instance Accuracy: 0.725873
[2021-12-07 12:23:05,545][__main__][INFO] - Load dataset ...
[2021-12-07 12:24:27,951][__main__][INFO] - Test Instance Accuracy: 0.824194, Class Accuracy: 0.769136
[2021-12-07 12:24:27,952][__main__][INFO] - Best Instance Accuracy: 0.824597, Class Accuracy: 0.778158
[2021-12-07 12:24:27,953][__main__][INFO] - Epoch 6 (6/200):
[2021-12-07 12:30:13,033][__main__][INFO] - Train Instance Accuracy: 0.744882
[2021-12-07 12:30:13,033][__main__][INFO] - Load dataset ...
[2021-12-07 12:31:35,283][__main__][INFO] - Test Instance Accuracy: 0.834677, Class Accuracy: 0.762299
[2021-12-07 12:31:35,284][__main__][INFO] - Best Instance Accuracy: 0.834677, Class Accuracy: 0.778158
[2021-12-07 12:31:35,285][__main__][INFO] - Save model...
[2021-12-07 12:31:35,285][__main__][INFO] - Saving at best_model.pth
[2021-12-07 12:31:35,593][__main__][INFO] - Epoch 7 (7/200):
[2021-12-07 12:37:19,649][__main__][INFO] - Train Instance Accuracy: 0.759929
[2021-12-07 12:37:19,650][__main__][INFO] - Load dataset ...
[2021-12-07 12:38:42,705][__main__][INFO] - Test Instance Accuracy: 0.871371, Class Accuracy: 0.810792
[2021-12-07 12:38:42,705][__main__][INFO] - Best Instance Accuracy: 0.871371, Class Accuracy: 0.810792
[2021-12-07 12:38:42,706][__main__][INFO] - Save model...
[2021-12-07 12:38:42,706][__main__][INFO] - Saving at best_model.pth
[2021-12-07 12:38:43,011][__main__][INFO] - Epoch 8 (8/200):
[2021-12-07 12:44:26,266][__main__][INFO] - Train Instance Accuracy: 0.772305
[2021-12-07 12:44:26,266][__main__][INFO] - Load dataset ...
[2021-12-07 12:45:51,228][__main__][INFO] - Test Instance Accuracy: 0.861290, Class Accuracy: 0.816399
[2021-12-07 12:45:51,229][__main__][INFO] - Best Instance Accuracy: 0.871371, Class Accuracy: 0.816399
[2021-12-07 12:45:51,231][__main__][INFO] - Epoch 9 (9/200):
[2021-12-07 12:51:34,867][__main__][INFO] - Train Instance Accuracy: 0.782678
[2021-12-07 12:51:34,868][__main__][INFO] - Load dataset ...
[2021-12-07 12:52:56,786][__main__][INFO] - Test Instance Accuracy: 0.864516, Class Accuracy: 0.811309
[2021-12-07 12:52:56,786][__main__][INFO] - Best Instance Accuracy: 0.871371, Class Accuracy: 0.816399
[2021-12-07 12:52:56,787][__main__][INFO] - Epoch 10 (10/200):
[2021-12-07 12:58:40,276][__main__][INFO] - Train Instance Accuracy: 0.791880
[2021-12-07 12:58:40,277][__main__][INFO] - Load dataset ...
[2021-12-07 13:00:01,763][__main__][INFO] - Test Instance Accuracy: 0.870565, Class Accuracy: 0.830411
[2021-12-07 13:00:01,764][__main__][INFO] - Best Instance Accuracy: 0.871371, Class Accuracy: 0.830411
[2021-12-07 13:00:01,765][__main__][INFO] - Epoch 11 (11/200):
[2021-12-07 13:05:45,935][__main__][INFO] - Train Instance Accuracy: 0.799824
[2021-12-07 13:05:45,935][__main__][INFO] - Load dataset ...
[2021-12-07 13:07:09,262][__main__][INFO] - Test Instance Accuracy: 0.868548, Class Accuracy: 0.814304
[2021-12-07 13:07:09,263][__main__][INFO] - Best Instance Accuracy: 0.871371, Class Accuracy: 0.830411
[2021-12-07 13:07:09,264][__main__][INFO] - Epoch 12 (12/200):
[2021-12-07 13:12:55,856][__main__][INFO] - Train Instance Accuracy: 0.806968
[2021-12-07 13:12:55,857][__main__][INFO] - Load dataset ...
[2021-12-07 13:14:19,271][__main__][INFO] - Test Instance Accuracy: 0.883065, Class Accuracy: 0.832440
[2021-12-07 13:14:19,271][__main__][INFO] - Best Instance Accuracy: 0.883065, Class Accuracy: 0.832440
[2021-12-07 13:14:19,272][__main__][INFO] - Save model...
[2021-12-07 13:14:19,272][__main__][INFO] - Saving at best_model.pth
[2021-12-07 13:14:19,594][__main__][INFO] - Epoch 13 (13/200):
[2021-12-07 13:20:04,091][__main__][INFO] - Train Instance Accuracy: 0.813353
[2021-12-07 13:20:04,091][__main__][INFO] - Load dataset ...
[2021-12-07 13:21:26,838][__main__][INFO] - Test Instance Accuracy: 0.872581, Class Accuracy: 0.841361
[2021-12-07 13:21:26,838][__main__][INFO] - Best Instance Accuracy: 0.883065, Class Accuracy: 0.841361
[2021-12-07 13:21:26,839][__main__][INFO] - Epoch 14 (14/200):
[2021-12-07 13:27:10,565][__main__][INFO] - Train Instance Accuracy: 0.819134
[2021-12-07 13:27:10,565][__main__][INFO] - Load dataset ...
[2021-12-07 13:28:33,958][__main__][INFO] - Test Instance Accuracy: 0.862903, Class Accuracy: 0.815651
[2021-12-07 13:28:33,959][__main__][INFO] - Best Instance Accuracy: 0.883065, Class Accuracy: 0.841361
[2021-12-07 13:28:33,960][__main__][INFO] - Epoch 15 (15/200):
[2021-12-07 13:34:15,796][__main__][INFO] - Train Instance Accuracy: 0.824608
[2021-12-07 13:34:15,797][__main__][INFO] - Load dataset ...
[2021-12-07 13:35:38,045][__main__][INFO] - Test Instance Accuracy: 0.877419, Class Accuracy: 0.843958
[2021-12-07 13:35:38,045][__main__][INFO] - Best Instance Accuracy: 0.883065, Class Accuracy: 0.843958
[2021-12-07 13:35:38,046][__main__][INFO] - Epoch 16 (16/200):
[2021-12-07 13:41:19,877][__main__][INFO] - Train Instance Accuracy: 0.829038
[2021-12-07 13:41:19,878][__main__][INFO] - Load dataset ...
[2021-12-07 13:42:40,072][__main__][INFO] - Test Instance Accuracy: 0.866935, Class Accuracy: 0.830301
[2021-12-07 13:42:40,073][__main__][INFO] - Best Instance Accuracy: 0.883065, Class Accuracy: 0.843958
[2021-12-07 13:42:40,074][__main__][INFO] - Epoch 17 (17/200):
[2021-12-07 13:48:18,468][__main__][INFO] - Train Instance Accuracy: 0.833580
[2021-12-07 13:48:18,468][__main__][INFO] - Load dataset ...
[2021-12-07 13:49:40,864][__main__][INFO] - Test Instance Accuracy: 0.878629, Class Accuracy: 0.843952
[2021-12-07 13:49:40,864][__main__][INFO] - Best Instance Accuracy: 0.883065, Class Accuracy: 0.843958
[2021-12-07 13:49:40,866][__main__][INFO] - Epoch 18 (18/200):
[2021-12-07 13:55:20,309][__main__][INFO] - Train Instance Accuracy: 0.837480
[2021-12-07 13:55:20,310][__main__][INFO] - Load dataset ...
[2021-12-07 13:56:42,773][__main__][INFO] - Test Instance Accuracy: 0.888710, Class Accuracy: 0.843186
[2021-12-07 13:56:42,774][__main__][INFO] - Best Instance Accuracy: 0.888710, Class Accuracy: 0.843958
[2021-12-07 13:56:42,775][__main__][INFO] - Save model...
[2021-12-07 13:56:42,775][__main__][INFO] - Saving at best_model.pth
[2021-12-07 13:56:43,100][__main__][INFO] - Epoch 19 (19/200):
[2021-12-07 14:02:21,701][__main__][INFO] - Train Instance Accuracy: 0.841247
[2021-12-07 14:02:21,701][__main__][INFO] - Load dataset ...
[2021-12-07 14:03:41,893][__main__][INFO] - Test Instance Accuracy: 0.877823, Class Accuracy: 0.845243
[2021-12-07 14:03:41,893][__main__][INFO] - Best Instance Accuracy: 0.888710, Class Accuracy: 0.845243
[2021-12-07 14:03:41,894][__main__][INFO] - Epoch 20 (20/200):
